[2023-05-14 15:46:01] [ INFO ] [PeliculaService:35] Guardando Pelicula nueva
[2023-05-14 15:46:01] [ INFO ] [PeliculaService:43] Guardando Categorias
[2023-05-14 15:48:25] [ INFO ] [PeliculaService:35] Guardando Pelicula nueva
[2023-05-14 15:48:25] [ INFO ] [PeliculaService:43] Guardando Categorias
[2023-05-14 15:50:34] [ INFO ] [PeliculaService:34] Guardando Pelicula nueva
[2023-05-14 15:50:34] [ INFO ] [PeliculaService:42] Guardando Categorias
[2023-05-14 15:52:21] [ INFO ] [PeliculaService:34] Guardando Pelicula nueva
[2023-05-14 15:52:22] [ INFO ] [PeliculaService:42] Guardando Categorias
[2023-05-14 15:52:26] [ INFO ] [PeliculaService:59] Guardando Fechas
[2023-05-14 15:54:18] [ INFO ] [PeliculaService:34] Guardando Pelicula nueva
[2023-05-14 15:54:19] [ INFO ] [PeliculaService:42] Guardando Categorias
[2023-05-14 15:54:23] [ INFO ] [PeliculaService:59] Guardando Fechas
[2023-05-14 15:55:00] [ INFO ] [PeliculaService:34] Guardando Pelicula nueva
[2023-05-14 15:55:01] [ INFO ] [PeliculaService:42] Guardando Categorias
[2023-05-14 15:55:01] [ INFO ] [PeliculaService:59] Guardando Fechas
[2023-05-14 15:55:31] [ INFO ] [PeliculaService:34] Guardando Pelicula nueva
[2023-05-14 15:55:32] [ INFO ] [PeliculaService:42] Guardando Categorias
[2023-05-14 15:55:32] [ INFO ] [PeliculaService:59] Guardando Fechas
[2023-05-14 15:55:43] [ INFO ] [PeliculaService:228] Buscando todas las Peliculas
[2023-05-14 15:58:51] [ INFO ] [PeliculaService:34] Guardando Pelicula nueva
[2023-05-14 15:58:51] [ INFO ] [PeliculaService:42] Guardando Categorias
[2023-05-14 15:58:55] [ INFO ] [PeliculaService:59] Guardando Fechas
[2023-05-14 15:59:42] [ INFO ] [PeliculaService:34] Guardando Pelicula nueva
[2023-05-14 15:59:43] [ INFO ] [PeliculaService:42] Guardando Categorias
[2023-05-14 15:59:44] [ INFO ] [PeliculaService:59] Guardando Fechas
[2023-05-14 16:00:31] [ INFO ] [PeliculaService:240] Buscando todas las Peliculas
[2023-05-14 16:00:41] [ INFO ] [PeliculaService:34] Guardando Pelicula nueva
[2023-05-14 16:00:41] [ INFO ] [PeliculaService:42] Guardando Categorias
[2023-05-14 16:00:42] [ INFO ] [PeliculaService:59] Guardando Fechas
[2023-05-14 16:00:50] [ INFO ] [PeliculaService:95] Actualizando Pelicula con id 1
[2023-05-14 16:00:51] [ INFO ] [PeliculaService:116] Guardando Categorias
[2023-05-14 16:00:51] [ INFO ] [PeliculaService:133] Guardando Fechas
[2023-05-14 16:00:54] [ INFO ] [PeliculaService:240] Buscando todas las Peliculas
[2023-05-14 16:01:31] [ INFO ] [PeliculaService:202] Buscando todas las Peliculas por fecha
[2023-05-14 16:01:56] [ INFO ] [PeliculaService:95] Actualizando Pelicula con id 1
[2023-05-14 16:01:58] [ INFO ] [PeliculaService:116] Guardando Categorias
[2023-05-14 16:01:58] [ INFO ] [PeliculaService:133] Guardando Fechas
[2023-05-14 16:02:19] [ INFO ] [PeliculaService:240] Buscando todas las Peliculas
[2023-05-14 16:03:28] [ INFO ] [PeliculaService:95] Actualizando Pelicula con id 1
[2023-05-14 16:03:30] [ INFO ] [PeliculaService:116] Guardando Categorias
[2023-05-14 16:03:31] [ INFO ] [PeliculaService:133] Guardando Fechas
[2023-05-14 16:03:43] [ INFO ] [PeliculaService:240] Buscando todas las Peliculas
[2023-05-14 16:04:20] [ INFO ] [PeliculaService:202] Buscando todas las Peliculas por fecha
[2023-05-14 16:04:31] [ INFO ] [PeliculaService:180] Buscando Pelicula con titulo: terror
[2023-05-14 16:04:38] [ INFO ] [PeliculaService:180] Buscando Pelicula con titulo: pelicula1
[2023-05-14 16:04:41] [ INFO ] [PeliculaService:180] Buscando Pelicula con titulo: pelicula2
[2023-05-14 16:04:54] [ INFO ] [PeliculaService:221] Buscando todas las Peliculas por categoria
[2023-05-14 16:05:01] [ INFO ] [PeliculaService:221] Buscando todas las Peliculas por categoria
[2023-05-14 16:05:07] [ INFO ] [PeliculaService:221] Buscando todas las Peliculas por categoria
[2023-05-14 22:01:01] [ INFO ] [PeliculaService:34] Guardando Pelicula nueva
[2023-05-14 22:01:02] [ INFO ] [PeliculaService:42] Guardando Categorias
[2023-05-14 22:01:06] [ INFO ] [PeliculaService:59] Guardando Fechas
[2023-05-14 22:01:39] [ INFO ] [PeliculaService:34] Guardando Pelicula nueva
[2023-05-14 22:01:39] [ INFO ] [PeliculaService:42] Guardando Categorias
[2023-05-14 22:01:40] [ INFO ] [PeliculaService:59] Guardando Fechas
[2023-05-14 22:01:49] [ INFO ] [PeliculaService:34] Guardando Pelicula nueva
[2023-05-14 22:01:50] [ INFO ] [PeliculaService:42] Guardando Categorias
[2023-05-14 22:01:50] [ INFO ] [PeliculaService:59] Guardando Fechas
[2023-05-14 22:01:58] [ INFO ] [PeliculaService:34] Guardando Pelicula nueva
[2023-05-14 22:01:58] [ INFO ] [PeliculaService:42] Guardando Categorias
[2023-05-14 22:01:59] [ INFO ] [PeliculaService:59] Guardando Fechas
[2023-05-14 22:02:07] [ INFO ] [PeliculaService:34] Guardando Pelicula nueva
[2023-05-14 22:02:07] [ INFO ] [PeliculaService:42] Guardando Categorias
[2023-05-14 22:02:08] [ INFO ] [PeliculaService:59] Guardando Fechas
[2023-05-14 22:02:14] [ INFO ] [PeliculaService:34] Guardando Pelicula nueva
[2023-05-14 22:02:14] [ INFO ] [PeliculaService:42] Guardando Categorias
[2023-05-14 22:02:15] [ INFO ] [PeliculaService:59] Guardando Fechas
[2023-05-14 22:02:20] [ INFO ] [PeliculaService:34] Guardando Pelicula nueva
[2023-05-14 22:02:20] [ INFO ] [PeliculaService:42] Guardando Categorias
[2023-05-14 22:02:21] [ INFO ] [PeliculaService:59] Guardando Fechas
[2023-05-14 22:02:27] [ INFO ] [PeliculaService:34] Guardando Pelicula nueva
[2023-05-14 22:02:27] [ INFO ] [PeliculaService:42] Guardando Categorias
[2023-05-14 22:02:28] [ INFO ] [PeliculaService:59] Guardando Fechas
[2023-05-14 22:02:33] [ INFO ] [PeliculaService:34] Guardando Pelicula nueva
[2023-05-14 22:02:33] [ INFO ] [PeliculaService:42] Guardando Categorias
[2023-05-14 22:02:34] [ INFO ] [PeliculaService:59] Guardando Fechas
[2023-05-14 22:02:42] [ INFO ] [PeliculaService:34] Guardando Pelicula nueva
[2023-05-14 22:02:42] [ INFO ] [PeliculaService:42] Guardando Categorias
[2023-05-14 22:02:43] [ INFO ] [PeliculaService:59] Guardando Fechas
[2023-05-14 22:02:48] [ INFO ] [PeliculaService:34] Guardando Pelicula nueva
[2023-05-14 22:02:48] [ INFO ] [PeliculaService:42] Guardando Categorias
[2023-05-14 22:02:49] [ INFO ] [PeliculaService:59] Guardando Fechas
[2023-05-14 22:02:54] [ INFO ] [PeliculaService:34] Guardando Pelicula nueva
[2023-05-14 22:02:54] [ INFO ] [PeliculaService:42] Guardando Categorias
[2023-05-14 22:02:55] [ INFO ] [PeliculaService:59] Guardando Fechas
[2023-05-14 22:03:00] [ INFO ] [PeliculaService:34] Guardando Pelicula nueva
[2023-05-14 22:03:00] [ INFO ] [PeliculaService:42] Guardando Categorias
[2023-05-14 22:03:01] [ INFO ] [PeliculaService:59] Guardando Fechas
[2023-05-14 22:03:07] [ INFO ] [PeliculaService:34] Guardando Pelicula nueva
[2023-05-14 22:03:07] [ INFO ] [PeliculaService:42] Guardando Categorias
[2023-05-14 22:03:08] [ INFO ] [PeliculaService:59] Guardando Fechas
[2023-05-14 22:03:13] [ INFO ] [PeliculaService:34] Guardando Pelicula nueva
[2023-05-14 22:03:13] [ INFO ] [PeliculaService:42] Guardando Categorias
[2023-05-14 22:03:14] [ INFO ] [PeliculaService:59] Guardando Fechas
[2023-05-14 22:03:19] [ INFO ] [PeliculaService:34] Guardando Pelicula nueva
[2023-05-14 22:03:20] [ INFO ] [PeliculaService:42] Guardando Categorias
[2023-05-14 22:03:21] [ INFO ] [PeliculaService:59] Guardando Fechas
[2023-05-14 22:03:25] [ INFO ] [PeliculaService:34] Guardando Pelicula nueva
[2023-05-14 22:03:26] [ INFO ] [PeliculaService:42] Guardando Categorias
[2023-05-14 22:03:27] [ INFO ] [PeliculaService:59] Guardando Fechas
[2023-05-14 22:03:33] [ INFO ] [PeliculaService:249] Creando lista de 8 Peliculas random
[2023-05-14 22:03:52] [ INFO ] [PeliculaService:249] Creando lista de 8 Peliculas random
[2023-05-14 22:04:23] [ INFO ] [PeliculaService:249] Creando lista de 8 Peliculas random
[2023-05-16 19:22:48] [ INFO ] [PeliculaService:34] Guardando Pelicula nueva
[2023-05-16 19:22:48] [ INFO ] [PeliculaService:42] Guardando Categorias
[2023-05-16 19:22:48] [ INFO ] [PeliculaService:59] Guardando Fechas
[2023-05-16 19:22:56] [ INFO ] [PeliculaService:34] Guardando Pelicula nueva
[2023-05-16 19:22:56] [ INFO ] [PeliculaService:42] Guardando Categorias
[2023-05-16 19:22:56] [ INFO ] [PeliculaService:59] Guardando Fechas
[2023-05-16 19:23:01] [ INFO ] [PeliculaService:34] Guardando Pelicula nueva
[2023-05-16 19:23:01] [ INFO ] [PeliculaService:42] Guardando Categorias
[2023-05-16 19:23:01] [ INFO ] [PeliculaService:59] Guardando Fechas
[2023-05-16 19:24:49] [ INFO ] [PeliculaService:34] Guardando Pelicula nueva
[2023-05-16 19:24:49] [ INFO ] [PeliculaService:42] Guardando Categorias
[2023-05-16 19:24:49] [ INFO ] [PeliculaService:59] Guardando Fechas
[2023-05-16 19:31:55] [ INFO ] [PeliculaService:36] Guardando Pelicula nueva
[2023-05-16 19:31:55] [ INFO ] [PeliculaService:44] Guardando Categorias
[2023-05-16 19:31:59] [ INFO ] [PeliculaService:61] Guardando Fechas
[2023-05-16 19:32:10] [ INFO ] [PeliculaService:241] Buscando todas las Peliculas
[2023-05-16 19:33:20] [ INFO ] [PeliculaService:36] Guardando Pelicula nueva
[2023-05-16 19:33:21] [ INFO ] [PeliculaService:44] Guardando Categorias
[2023-05-16 19:33:24] [ INFO ] [PeliculaService:61] Guardando Fechas
[2023-05-16 19:33:37] [ INFO ] [PeliculaService:251] Creando lista de 8 Peliculas random
[2023-05-16 19:36:35] [ INFO ] [PeliculaService:36] Guardando Pelicula nueva
[2023-05-16 19:36:35] [ INFO ] [PeliculaService:44] Guardando Categorias
[2023-05-16 19:36:36] [ INFO ] [PeliculaService:61] Guardando Fechas
[2023-05-16 19:37:01] [ INFO ] [PeliculaService:251] Creando lista de 8 Peliculas random
[2023-05-18 02:26:35] [ INFO ] [PeliculaService:241] Buscando todas las Peliculas
[2023-05-18 02:26:35] [ INFO ] [PeliculaService:251] Creando lista de 8 Peliculas random
[2023-05-18 02:26:39] [ INFO ] [PeliculaService:241] Buscando todas las Peliculas
[2023-05-18 02:26:39] [ INFO ] [PeliculaService:251] Creando lista de 8 Peliculas random
[2023-05-18 02:26:48] [ INFO ] [PeliculaService:222] Buscando todas las Peliculas por categoria
[2023-05-18 03:35:10] [ INFO ] [PeliculaService:36] Guardando Pelicula nueva
[2023-05-18 03:36:09] [ INFO ] [PeliculaService:36] Guardando Pelicula nueva
[2023-05-18 03:36:40] [ INFO ] [PeliculaService:241] Buscando todas las Peliculas
[2023-05-18 03:36:40] [ INFO ] [PeliculaService:251] Creando lista de 8 Peliculas random
[2023-05-18 03:36:45] [ INFO ] [PeliculaService:251] Creando lista de 8 Peliculas random
[2023-05-18 03:36:45] [ INFO ] [PeliculaService:241] Buscando todas las Peliculas
[2023-05-18 03:37:00] [ INFO ] [PeliculaService:36] Guardando Pelicula nueva
[2023-05-18 03:46:09] [ INFO ] [PeliculaService:36] Guardando Pelicula nueva
[2023-05-18 03:47:49] [ INFO ] [PeliculaService:36] Guardando Pelicula nueva
[2023-05-18 03:49:36] [ INFO ] [PeliculaService:36] Guardando Pelicula nueva
[2023-05-18 03:52:28] [ INFO ] [PeliculaService:36] Guardando Pelicula nueva
[2023-05-18 03:52:49] [ INFO ] [PeliculaService:36] Guardando Pelicula nueva
[2023-05-18 03:53:05] [ INFO ] [PeliculaService:241] Buscando todas las Peliculas
[2023-05-18 03:53:05] [ INFO ] [PeliculaService:251] Creando lista de 8 Peliculas random
[2023-05-18 03:53:09] [ INFO ] [PeliculaService:241] Buscando todas las Peliculas
[2023-05-18 03:53:09] [ INFO ] [PeliculaService:251] Creando lista de 8 Peliculas random
[2023-05-18 03:53:26] [ INFO ] [PeliculaService:36] Guardando Pelicula nueva
[2023-05-18 03:54:25] [ INFO ] [PeliculaService:36] Guardando Pelicula nueva
[2023-05-18 03:55:02] [ INFO ] [PeliculaService:36] Guardando Pelicula nueva
[2023-05-18 03:55:23] [ INFO ] [PeliculaService:36] Guardando Pelicula nueva
[2023-05-18 03:55:38] [ INFO ] [PeliculaService:36] Guardando Pelicula nueva
[2023-05-18 03:56:29] [ INFO ] [PeliculaService:36] Guardando Pelicula nueva
[2023-05-18 03:57:40] [ INFO ] [PeliculaService:36] Guardando Pelicula nueva
[2023-05-18 10:51:02] [ INFO ] [PeliculaService:36] Guardando Pelicula nueva
[2023-05-18 10:51:02] [ INFO ] [PeliculaService:44] Guardando Categorias
[2023-05-18 10:51:02] [ INFO ] [PeliculaService:61] Guardando Fechas
[2023-05-18 10:51:22] [ INFO ] [PeliculaService:241] Buscando todas las Peliculas
[2023-05-18 10:51:22] [ INFO ] [PeliculaService:251] Creando lista de 8 Peliculas random
[2023-05-18 10:51:27] [ INFO ] [PeliculaService:251] Creando lista de 8 Peliculas random
[2023-05-18 10:51:27] [ INFO ] [PeliculaService:241] Buscando todas las Peliculas
[2023-05-18 13:10:15] [ INFO ] [PeliculaService:251] Creando lista de 8 Peliculas random
[2023-05-18 13:10:15] [ INFO ] [PeliculaService:241] Buscando todas las Peliculas
[2023-05-18 13:10:20] [ INFO ] [PeliculaService:251] Creando lista de 8 Peliculas random
[2023-05-18 13:10:20] [ INFO ] [PeliculaService:241] Buscando todas las Peliculas
[2023-05-18 13:19:39] [ INFO ] [PeliculaService:251] Creando lista de 8 Peliculas random
[2023-05-18 13:19:39] [ INFO ] [PeliculaService:241] Buscando todas las Peliculas
[2023-05-18 13:19:44] [ INFO ] [PeliculaService:241] Buscando todas las Peliculas
[2023-05-18 13:19:44] [ INFO ] [PeliculaService:251] Creando lista de 8 Peliculas random
[2023-05-18 13:20:19] [ INFO ] [PeliculaService:251] Creando lista de 8 Peliculas random
[2023-05-18 13:20:19] [ INFO ] [PeliculaService:241] Buscando todas las Peliculas
[2023-05-18 13:20:24] [ INFO ] [PeliculaService:251] Creando lista de 8 Peliculas random
[2023-05-18 13:20:24] [ INFO ] [PeliculaService:241] Buscando todas las Peliculas
[2023-05-18 13:23:41] [ INFO ] [PeliculaService:251] Creando lista de 8 Peliculas random
[2023-05-18 13:23:41] [ INFO ] [PeliculaService:241] Buscando todas las Peliculas
[2023-05-18 13:23:43] [ INFO ] [PeliculaService:251] Creando lista de 8 Peliculas random
[2023-05-18 13:23:43] [ INFO ] [PeliculaService:241] Buscando todas las Peliculas
[2023-05-18 13:23:48] [ INFO ] [PeliculaService:241] Buscando todas las Peliculas
[2023-05-18 13:23:48] [ INFO ] [PeliculaService:251] Creando lista de 8 Peliculas random
[2023-05-18 13:27:54] [ INFO ] [PeliculaService:251] Creando lista de 8 Peliculas random
[2023-05-18 13:27:54] [ INFO ] [PeliculaService:241] Buscando todas las Peliculas
[2023-05-18 13:27:59] [ INFO ] [PeliculaService:241] Buscando todas las Peliculas
[2023-05-18 13:27:59] [ INFO ] [PeliculaService:251] Creando lista de 8 Peliculas random
[2023-05-18 13:32:12] [ INFO ] [PeliculaService:241] Buscando todas las Peliculas
[2023-05-18 13:32:12] [ INFO ] [PeliculaService:251] Creando lista de 8 Peliculas random
[2023-05-18 13:32:17] [ INFO ] [PeliculaService:251] Creando lista de 8 Peliculas random
[2023-05-18 13:32:17] [ INFO ] [PeliculaService:241] Buscando todas las Peliculas
[2023-05-18 13:46:39] [ INFO ] [PeliculaService:36] Guardando Pelicula nueva
[2023-05-18 13:49:40] [ INFO ] [PeliculaService:36] Guardando Pelicula nueva
[2023-05-18 14:03:59] [ INFO ] [PeliculaService:36] Guardando Pelicula nueva
[2023-05-18 14:07:10] [ INFO ] [PeliculaService:36] Guardando Pelicula nueva
[2023-05-18 14:11:47] [ INFO ] [PeliculaService:36] Guardando Pelicula nueva
[2023-05-18 14:14:41] [ INFO ] [PeliculaService:36] Guardando Pelicula nueva
[2023-05-18 14:14:57] [ INFO ] [PeliculaService:36] Guardando Pelicula nueva
[2023-05-18 14:15:17] [ INFO ] [PeliculaService:36] Guardando Pelicula nueva
[2023-05-18 14:15:17] [ INFO ] [PeliculaService:44] Guardando Categorias
[2023-05-18 14:15:17] [ INFO ] [PeliculaService:61] Guardando Fechas
[2023-05-18 14:15:39] [ INFO ] [PeliculaService:241] Buscando todas las Peliculas
[2023-05-18 14:15:39] [ INFO ] [PeliculaService:251] Creando lista de 8 Peliculas random
[2023-05-18 14:15:44] [ INFO ] [PeliculaService:251] Creando lista de 8 Peliculas random
[2023-05-18 14:15:44] [ INFO ] [PeliculaService:241] Buscando todas las Peliculas
[2023-05-18 14:22:38] [ INFO ] [PeliculaService:36] Guardando Pelicula nueva
[2023-05-18 14:22:58] [ INFO ] [PeliculaService:36] Guardando Pelicula nueva
[2023-05-18 14:23:10] [ INFO ] [PeliculaService:241] Buscando todas las Peliculas
[2023-05-18 14:23:10] [ INFO ] [PeliculaService:251] Creando lista de 8 Peliculas random
[2023-05-18 14:23:15] [ INFO ] [PeliculaService:241] Buscando todas las Peliculas
[2023-05-18 14:23:15] [ INFO ] [PeliculaService:251] Creando lista de 8 Peliculas random
[2023-05-18 14:23:49] [ INFO ] [PeliculaService:36] Guardando Pelicula nueva
[2023-05-18 14:23:55] [ INFO ] [PeliculaService:36] Guardando Pelicula nueva
[2023-05-18 14:23:56] [ INFO ] [PeliculaService:44] Guardando Categorias
[2023-05-18 14:23:56] [ INFO ] [PeliculaService:61] Guardando Fechas
[2023-05-18 14:24:01] [ INFO ] [PeliculaService:251] Creando lista de 8 Peliculas random
[2023-05-18 14:24:01] [ INFO ] [PeliculaService:241] Buscando todas las Peliculas
[2023-05-18 14:24:07] [ INFO ] [PeliculaService:251] Creando lista de 8 Peliculas random
[2023-05-18 14:24:07] [ INFO ] [PeliculaService:241] Buscando todas las Peliculas
[2023-05-18 14:27:02] [ INFO ] [PeliculaService:36] Guardando Pelicula nueva
[2023-05-18 14:31:59] [ INFO ] [PeliculaService:36] Guardando Pelicula nueva
[2023-05-18 14:34:06] [ INFO ] [PeliculaService:36] Guardando Pelicula nueva
[2023-05-18 14:35:52] [ INFO ] [PeliculaService:36] Guardando Pelicula nueva
[2023-05-18 14:35:52] [ INFO ] [PeliculaService:44] Guardando Categorias
[2023-05-18 14:35:52] [ INFO ] [PeliculaService:61] Guardando Fechas
[2023-05-18 14:37:12] [ INFO ] [PeliculaService:251] Creando lista de 8 Peliculas random
[2023-05-18 14:37:12] [ INFO ] [PeliculaService:241] Buscando todas las Peliculas
[2023-05-18 14:37:18] [ INFO ] [PeliculaService:251] Creando lista de 8 Peliculas random
[2023-05-18 14:37:18] [ INFO ] [PeliculaService:241] Buscando todas las Peliculas
[2023-05-18 14:50:42] [ INFO ] [PeliculaService:222] Buscando todas las Peliculas por categoria
